#
# There is insufficient memory for the Java Runtime Environment to continue.
# Native memory allocation (mmap) failed to map 264241152 bytes for G1 virtual space
# Possible reasons:
#   The system is out of physical RAM or swap space
#   The process is running with CompressedOops enabled, and the Java Heap may be blocking the growth of the native heap
# Possible solutions:
#   Reduce memory load on the system
#   Increase physical memory or swap space
#   Check if swap backing store is full
#   Decrease Java heap size (-Xmx/-Xms)
#   Decrease number of Java threads
#   Decrease Java thread stack sizes (-Xss)
#   Set larger code cache with -XX:ReservedCodeCacheSize=
#   JVM is running with Zero Based Compressed Oops mode in which the Java heap is
#     placed in the first 32GB address space. The Java Heap base address is the
#     maximum limit for the native heap growth. Please use -XX:HeapBaseMinAddress
#     to set the Java Heap base and to place the Java Heap above 32GB virtual address.
# This output file may be truncated or incomplete.
#
#  Out of Memory Error (os_windows.cpp:3760), pid=34780, tid=25396
#
# JRE version:  (17.0.5+1) (build )
# Java VM: OpenJDK 64-Bit Server VM (17.0.5+1-b653.14, mixed mode, sharing, tiered, compressed oops, compressed class ptrs, g1 gc, windows-amd64)
# No core dump will be written. Minidumps are not enabled by default on client versions of Windows
#

---------------  S U M M A R Y ------------

Command Line: git4idea.http.GitAskPassApp Username for 'https://github.com': 

Host: 12th Gen Intel(R) Core(TM) i7-12700H, 20 cores, 15G,  Windows 11 , 64 bit Build 22621 (10.0.22621.2506)
Time: Sat Jan 13 08:02:19 2024 Hora oficial do Brasil elapsed time: 0.009577 seconds (0d 0h 0m 0s)

---------------  T H R E A D  ---------------

Current thread (0x000001e5dab3e000):  JavaThread "Unknown thread" [_thread_in_vm, id=25396, stack(0x0000006483a00000,0x0000006483b00000)]

Stack: [0x0000006483a00000,0x0000006483b00000]
Native frames: (J=compiled Java code, j=interpreted, Vv=VM code, C=native code)
V  [jvm.dll+0x6830ca]
V  [jvm.dll+0x83f4c4]
V  [jvm.dll+0x840c6e]
V  [jvm.dll+0x8412d3]
V  [jvm.dll+0x2490b5]
V  [jvm.dll+0x67ff99]
V  [jvm.dll+0x6744aa]
V  [jvm.dll+0x308f2b]
V  [jvm.dll+0x3103e6]
V  [jvm.dll+0x36013e]
V  [jvm.dll+0x36036f]
V  [jvm.dll+0x2df018]
V  [jvm.dll+0x2dff84]
V  [jvm.dll+0x810d91]
V  [jvm.dll+0x36df31]
V  [jvm.dll+0x7f028c]
V  [jvm.dll+0x3f0cbf]
V  [jvm.dll+0x3f2801]
C  [jli.dll+0x526b]
C  [ucrtbase.dll+0x29363]
C  [KERNEL32.DLL+0x1257d]
C  [ntdll.dll+0x5aa58]


---------------  P R O C E S S  ---------------

Threads class SMR info:
_java_thread_list=0x00007ffbd01d8f98, length=0, elements={
}

Java Threads: ( => current thread )

Other Threads:
  0x000001e5dce6ce70 GCTaskThread "GC Thread#0" [stack: 0x0000006483b00000,0x0000006483c00000] [id=26192]
  0x000001e5dce7d8c0 ConcurrentGCThread "G1 Main Marker" [stack: 0x0000006483c00000,0x0000006483d00000] [id=47408]
  0x000001e5dce7e2d0 ConcurrentGCThread "G1 Conc#0" [stack: 0x0000006483d00000,0x0000006483e00000] [id=28708]

[error occurred during error reporting (printing all threads), id 0xc0000005, EXCEPTION_ACCESS_VIOLATION (0xc0000005) at pc=0x00007ffbcf98fbd7]

VM state: not at safepoint (not fully initialized)

VM Mutex/Monitor currently owned by a thread:  ([mutex/lock_event])
[0x000001e5dce016c0] Heap_lock - owner thread: 0x000001e5dab3e000

Heap address: 0x0000000704e00000, size: 4018 MB, Compressed Oops mode: Zero based, Oop shift amount: 3

CDS archive(s) mapped at: [0x0000000000000000-0x0000000000000000-0x0000000000000000), size 0, SharedBaseAddress: 0x0000000800000000, ArchiveRelocationMode: 0.
Narrow klass base: 0x0000000000000000, Narrow klass shift: 0, Narrow klass range: 0x0

GC Precious Log:
<Empty>

Heap:
 garbage-first heap   total 0K, used 0K [0x0000000704e00000, 0x0000000800000000)
  region size 2048K, 0 young (0K), 0 survivors (0K)

[error occurred during error reporting (printing heap information), id 0xc0000005, EXCEPTION_ACCESS_VIOLATION (0xc0000005) at pc=0x00007ffbcfd7cd59]

GC Heap History (0 events):
No events

Dll operation events (1 events):
Event: 0.006 Loaded shared library C:\Program Files\JetBrains\PyCharm Community Edition 2022.3\jbr\bin\java.dll

Deoptimization events (0 events):
No events

Classes unloaded (0 events):
No events

Classes redefined (0 events):
No events

Internal exceptions (0 events):
No events

VM Operations (0 events):
No events

Events (0 events):
No events


Dynamic libraries:
0x00007ff6c5340000 - 0x00007ff6c534a000 	C:\Program Files\JetBrains\PyCharm Community Edition 2022.3\jbr\bin\java.exe
0x00007ffc96050000 - 0x00007ffc96267000 	C:\Windows\SYSTEM32\ntdll.dll
0x00007ffc94fe0000 - 0x00007ffc950a4000 	C:\Windows\System32\KERNEL32.DLL
0x00007ffc93870000 - 0x00007ffc93c16000 	C:\Windows\System32\KERNELBASE.dll
0x00007ffc93c50000 - 0x00007ffc93d61000 	C:\Windows\System32\ucrtbase.dll
0x00007ffc642f0000 - 0x00007ffc64307000 	C:\Program Files\JetBrains\PyCharm Community Edition 2022.3\jbr\bin\jli.dll
0x00007ffc648e0000 - 0x00007ffc648fb000 	C:\Program Files\JetBrains\PyCharm Community Edition 2022.3\jbr\bin\VCRUNTIME140.dll
0x00007ffc95dd0000 - 0x00007ffc95f7e000 	C:\Windows\System32\USER32.dll
0x00007ffc93630000 - 0x00007ffc93656000 	C:\Windows\System32\win32u.dll
0x00007ffc94a70000 - 0x00007ffc94a99000 	C:\Windows\System32\GDI32.dll
0x00007ffc7deb0000 - 0x00007ffc7e143000 	C:\Windows\WinSxS\amd64_microsoft.windows.common-controls_6595b64144ccf1df_6.0.22621.2506_none_270c5ae97388e100\COMCTL32.dll
0x00007ffc93750000 - 0x00007ffc93868000 	C:\Windows\System32\gdi32full.dll
0x00007ffc94e90000 - 0x00007ffc94f37000 	C:\Windows\System32\msvcrt.dll
0x00007ffc934d0000 - 0x00007ffc9356a000 	C:\Windows\System32\msvcp_win.dll
0x00007ffc948b0000 - 0x00007ffc948e1000 	C:\Windows\System32\IMM32.DLL
0x00007ffc8d090000 - 0x00007ffc8d09c000 	C:\Program Files\JetBrains\PyCharm Community Edition 2022.3\jbr\bin\vcruntime140_1.dll
0x00007ffc4c920000 - 0x00007ffc4c9ad000 	C:\Program Files\JetBrains\PyCharm Community Edition 2022.3\jbr\bin\msvcp140.dll
0x00007ffbcf6a0000 - 0x00007ffbd030b000 	C:\Program Files\JetBrains\PyCharm Community Edition 2022.3\jbr\bin\server\jvm.dll
0x00007ffc95c10000 - 0x00007ffc95cc3000 	C:\Windows\System32\ADVAPI32.dll
0x00007ffc950b0000 - 0x00007ffc95158000 	C:\Windows\System32\sechost.dll
0x00007ffc93c20000 - 0x00007ffc93c48000 	C:\Windows\System32\bcrypt.dll
0x00007ffc95ac0000 - 0x00007ffc95bd7000 	C:\Windows\System32\RPCRT4.dll
0x00007ffc88440000 - 0x00007ffc88474000 	C:\Windows\SYSTEM32\WINMM.dll
0x00007ffc876d0000 - 0x00007ffc876da000 	C:\Windows\SYSTEM32\VERSION.dll
0x00007ffc7a1d0000 - 0x00007ffc7a1d9000 	C:\Windows\SYSTEM32\WSOCK32.dll
0x00007ffc94f60000 - 0x00007ffc94fd1000 	C:\Windows\System32\WS2_32.dll
0x00007ffc92440000 - 0x00007ffc92458000 	C:\Windows\SYSTEM32\kernel.appcore.dll
0x00007ffc4b320000 - 0x00007ffc4b32a000 	C:\Program Files\JetBrains\PyCharm Community Edition 2022.3\jbr\bin\jimage.dll
0x00007ffc908c0000 - 0x00007ffc90af3000 	C:\Windows\SYSTEM32\DBGHELP.DLL
0x00007ffc93dd0000 - 0x00007ffc94159000 	C:\Windows\System32\combase.dll
0x00007ffc94350000 - 0x00007ffc94427000 	C:\Windows\System32\OLEAUT32.dll
0x00007ffc61840000 - 0x00007ffc61872000 	C:\Windows\SYSTEM32\dbgcore.DLL
0x00007ffc93660000 - 0x00007ffc936da000 	C:\Windows\System32\bcryptPrimitives.dll
0x00007ffc0bbf0000 - 0x00007ffc0bc15000 	C:\Program Files\JetBrains\PyCharm Community Edition 2022.3\jbr\bin\java.dll

dbghelp: loaded successfully - version: 4.0.5 - missing functions: none
symbol engine: initialized successfully - sym options: 0x614 - pdb path: .;C:\Program Files\JetBrains\PyCharm Community Edition 2022.3\jbr\bin;C:\Windows\SYSTEM32;C:\Windows\WinSxS\amd64_microsoft.windows.common-controls_6595b64144ccf1df_6.0.22621.2506_none_270c5ae97388e100;C:\Program Files\JetBrains\PyCharm Community Edition 2022.3\jbr\bin\server

VM Arguments:
java_command: git4idea.http.GitAskPassApp Username for 'https://github.com': 
java_class_path (initial): C:/Program Files/JetBrains/PyCharm Community Edition 2022.3/plugins/vcs-git/lib/git4idea-rt.jar;C:/Program Files/JetBrains/PyCharm Community Edition 2022.3/lib/externalProcess-rt.jar;C:/Program Files/JetBrains/PyCharm Community Edition 2022.3/lib/app.jar;C:/Program Files/JetBrains/PyCharm Community Edition 2022.3/lib/3rd-party-rt.jar
Launcher Type: SUN_STANDARD

[Global flags]
     intx CICompilerCount                          = 12                                        {product} {ergonomic}
     uint ConcGCThreads                            = 4                                         {product} {ergonomic}
     uint G1ConcRefinementThreads                  = 15                                        {product} {ergonomic}
   size_t G1HeapRegionSize                         = 2097152                                   {product} {ergonomic}
    uintx GCDrainStackTargetSize                   = 64                                        {product} {ergonomic}
   size_t InitialHeapSize                          = 264241152                                 {product} {ergonomic}
   size_t MarkStackSize                            = 4194304                                   {product} {ergonomic}
   size_t MaxHeapSize                              = 4213178368                                {product} {ergonomic}
   size_t MinHeapDeltaBytes                        = 2097152                                   {product} {ergonomic}
   size_t MinHeapSize                              = 8388608                                   {product} {ergonomic}
    uintx NonNMethodCodeHeapSize                   = 7602480                                {pd product} {ergonomic}
    uintx NonProfiledCodeHeapSize                  = 122027880                              {pd product} {ergonomic}
    uintx ProfiledCodeHeapSize                     = 122027880                              {pd product} {ergonomic}
    uintx ReservedCodeCacheSize                    = 251658240                              {pd product} {ergonomic}
     bool SegmentedCodeCache                       = true                                      {product} {ergonomic}
   size_t SoftMaxHeapSize                          = 4213178368                             {manageable} {ergonomic}
     bool UseCompressedClassPointers               = true                           {product lp64_product} {ergonomic}
     bool UseCompressedOops                        = true                           {product lp64_product} {ergonomic}
     bool UseG1GC                                  = true                                      {product} {ergonomic}
     bool UseLargePagesIndividualAllocation        = false                                  {pd product} {ergonomic}

Logging:
Log output configuration:
 #0: stdout all=warning uptime,level,tags
 #1: stderr all=off uptime,level,tags

Environment Variables:
JAVA_HOME=C:\Program Files\Microsoft\jdk-11.0.16.101-hotspot\bin
PATH=C:\Program Files\Git\mingw64\libexec\git-core;C:\Program Files\Git\mingw64\libexec\git-core;C:\Program Files\Git\mingw64\bin;C:\Program Files\Git\usr\bin;C:\Users\luis.fernando\bin;C:\Users\Lgon├ºalves\PycharmProjects\Automacao_WMS_InternoMPL\venv\Scripts;C:\Program Files\Microsoft\jdk-11.0.16.101-hotspot\bin;C:\Program Files\Common Files\Oracle\Java\javapath;C:\Windows\system32;C:\Windows;C:\Windows\System32\Wbem;C:\Windows\System32\WindowsPowerShell\v1.0;C:\Windows\System32\OpenSSH;C:\Program Files\dotnet;C:\Program Files (x86)\NVIDIA Corporation\PhysX\Common;C:\Program Files\NVIDIA Corporation\NVIDIA NvDLISR;C:\Users\Lgonçalves\AppData\Local\Packages\PythonSoftwareFoundation.Python.3.10_qbz5n2kfra8p0\LocalCache\local-packages\Python310\Scripts;C:\Users\Lgonçalves\flutter\bin;C:\ProgramData\chocolatey\bin;C:\Program Files\Docker\Docker\resources\bin;C:\Program Files\PuTTY;C:\Program Files\Git\cmd;C:\Users\luis.fernando\AppData\Local\Microsoft\WindowsApps
USERNAME=luis.fernando
DISPLAY=:0.0
LC_ALL=en_US.UTF-8
TERM=xterm-256color
TMPDIR=C:\Users\LUIS~1.FER\AppData\Local\Temp
OS=Windows_NT
PROCESSOR_IDENTIFIER=Intel64 Family 6 Model 154 Stepping 3, GenuineIntel
TMP=C:\Users\LUIS~1.FER\AppData\Local\Temp
TEMP=C:\Users\LUIS~1.FER\AppData\Local\Temp



---------------  S Y S T E M  ---------------

OS:
 Windows 11 , 64 bit Build 22621 (10.0.22621.2506)
OS uptime: 1 days 6:08 hours
Hyper-V role detected

CPU: total 20 (initial active 20) (10 cores per cpu, 2 threads per core) family 6 model 154 stepping 3 microcode 0x42c, cx8, cmov, fxsr, ht, mmx, 3dnowpref, sse, sse2, sse3, ssse3, sse4.1, sse4.2, popcnt, lzcnt, tsc, tscinvbit, avx, avx2, aes, erms, clmul, bmi1, bmi2, adx, sha, fma, vzeroupper, clflush, clflushopt, clwb, hv

Memory: 4k page, system-wide physical 16068M (1811M free)
TotalPageFile size 65220M (AvailPageFile size 204M)
current process WorkingSet (physical memory assigned to process): 11M, peak: 11M
current process commit charge ("private bytes"): 75M, peak: 326M

vm_info: OpenJDK 64-Bit Server VM (17.0.5+1-b653.14) for windows-amd64 JRE (17.0.5+1-b653.14), built on 2022-11-10 by "builduser" with MS VC++ 16.10 / 16.11 (VS2019)

END.
